TN:
SF:src/VaultMultisig.sol
DA:99,4
FN:99,VaultMultisig.onlyMultisigSigner
FNDA:4,VaultMultisig.onlyMultisigSigner
DA:100,4
BRDA:100,0,0,-
DA:107,17
FN:107,VaultMultisig.constructor
FNDA:17,VaultMultisig.constructor
DA:108,17
BRDA:108,1,0,1
DA:109,16
BRDA:109,2,0,1
DA:110,15
BRDA:110,3,0,1
DA:112,14
DA:113,42
DA:116,14
DA:122,775
FN:122,VaultMultisig.initiateTransfer
FNDA:775,VaultMultisig.initiateTransfer
DA:123,774
BRDA:123,4,0,1
DA:124,773
BRDA:124,5,0,256
DA:125,517
BRDA:125,6,0,256
DA:127,261
DA:128,261
DA:129,261
DA:130,261
DA:131,261
DA:132,261
DA:133,261
DA:135,261
DA:140,6
FN:140,VaultMultisig.approveTransfer
FNDA:6,VaultMultisig.approveTransfer
DA:141,6
DA:142,0
BRDA:142,7,0,-
DA:143,1
BRDA:143,8,0,1
DA:145,5
DA:146,5
DA:148,5
DA:151,3
FN:151,VaultMultisig.executeTransfer
FNDA:3,VaultMultisig.executeTransfer
DA:152,3
DA:153,3
BRDA:153,9,0,1
DA:154,1
BRDA:154,10,0,1
DA:156,1
DA:157,1
BRDA:157,11,0,-
DA:159,1
DA:160,1
BRDA:160,12,0,-
DA:162,1
DA:164,1
DA:171,4
FN:171,VaultMultisig.updateSignersAndQuorum
FNDA:4,VaultMultisig.updateSignersAndQuorum
DA:172,4
BRDA:172,13,0,1
DA:173,3
BRDA:173,14,0,1
DA:174,2
BRDA:174,15,0,1
DA:177,1
DA:178,0
DA:181,1
DA:184,1
DA:185,3
DA:186,3
BRDA:186,16,0,-
BRDA:186,16,1,3
DA:187,3
DA:188,3
DA:191,1
DA:192,1
DA:193,1
DA:205,257
FN:205,VaultMultisig.getTransfer
FNDA:257,VaultMultisig.getTransfer
DA:210,257
DA:211,257
DA:218,2
FN:218,VaultMultisig.hasSignedTransfer
FNDA:2,VaultMultisig.hasSignedTransfer
DA:219,2
DA:220,2
DA:225,2
FN:225,VaultMultisig.getTransferCount
FNDA:2,VaultMultisig.getTransferCount
DA:226,2
FNF:9
FNH:9
LF:61
LH:59
BRF:18
BRH:13
end_of_record
TN:
SF:src/VaultMultisigERC20.sol
DA:101,0
FN:101,VaultMultisigERC20.onlyMultisigSigner
FNDA:0,VaultMultisigERC20.onlyMultisigSigner
DA:102,0
BRDA:102,0,0,-
DA:110,0
FN:110,VaultMultisigERC20.constructor
FNDA:0,VaultMultisigERC20.constructor
DA:111,0
BRDA:111,1,0,-
DA:112,0
BRDA:112,2,0,-
DA:113,0
BRDA:113,3,0,-
DA:114,0
BRDA:114,4,0,-
DA:116,0
DA:117,0
DA:120,0
DA:121,0
DA:127,0
FN:127,VaultMultisigERC20.initiateTransfer
FNDA:0,VaultMultisigERC20.initiateTransfer
DA:128,0
BRDA:128,5,0,-
DA:129,0
BRDA:129,6,0,-
DA:131,0
DA:132,0
DA:133,0
DA:134,0
DA:135,0
DA:136,0
DA:137,0
DA:139,0
DA:144,0
FN:144,VaultMultisigERC20.approveTransfer
FNDA:0,VaultMultisigERC20.approveTransfer
DA:145,0
DA:146,0
BRDA:146,7,0,-
DA:147,0
BRDA:147,8,0,-
DA:149,0
DA:150,0
DA:152,0
DA:155,0
FN:155,VaultMultisigERC20.executeTransfer
FNDA:0,VaultMultisigERC20.executeTransfer
DA:156,0
DA:157,0
BRDA:157,9,0,-
DA:158,0
BRDA:158,10,0,-
DA:160,0
DA:161,0
BRDA:161,11,0,-
DA:163,0
DA:164,0
BRDA:164,12,0,-
DA:166,0
DA:168,0
DA:177,0
FN:177,VaultMultisigERC20.getTransfer
FNDA:0,VaultMultisigERC20.getTransfer
DA:182,0
DA:183,0
DA:190,0
FN:190,VaultMultisigERC20.hasSignedTransfer
FNDA:0,VaultMultisigERC20.hasSignedTransfer
DA:191,0
DA:192,0
DA:197,0
FN:197,VaultMultisigERC20.getTransferCount
FNDA:0,VaultMultisigERC20.getTransferCount
DA:198,0
DA:203,0
FN:203,VaultMultisigERC20.getSigners
FNDA:0,VaultMultisigERC20.getSigners
DA:204,0
FNF:9
FNH:0
LF:49
LH:0
BRF:13
BRH:0
end_of_record
